2020-04-06 10:44:36.445 [main] INFO  o.s.c.s.PostProcessorRegistrationDelegate$BeanPostProcessorChecker - Bean 'org.springframework.cloud.autoconfigure.ConfigurationPropertiesRebinderAutoConfiguration' of type [org.springframework.cloud.autoconfigure.ConfigurationPropertiesRebinderAutoConfiguration$$EnhancerBySpringCGLIB$$adcdc33d] is not eligible for getting processed by all BeanPostProcessors (for example: not eligible for auto-proxying)
2020-04-06 10:44:38.963 [main] INFO  com.agri.ApplicationStudy - No active profile set, falling back to default profiles: default
2020-04-06 10:44:40.409 [main] WARN  org.mybatis.spring.mapper.ClassPathMapperScanner - No MyBatis mapper was found in '[com.agri.study.wen.dao]' package. Please check your configuration.
2020-04-06 10:44:40.774 [main] INFO  o.s.d.r.config.RepositoryConfigurationDelegate - Multiple Spring Data modules found, entering strict repository configuration mode!
2020-04-06 10:44:41.278 [main] INFO  o.springframework.cloud.context.scope.GenericScope - BeanFactory id=ef12113a-d1f1-3533-957c-df034c7faca1
2020-04-06 10:44:41.334 [main] INFO  o.s.c.s.PostProcessorRegistrationDelegate$BeanPostProcessorChecker - Bean 'org.springframework.amqp.rabbit.annotation.RabbitBootstrapConfiguration' of type [org.springframework.amqp.rabbit.annotation.RabbitBootstrapConfiguration$$EnhancerBySpringCGLIB$$581f7e6e] is not eligible for getting processed by all BeanPostProcessors (for example: not eligible for auto-proxying)
2020-04-06 10:44:41.447 [main] INFO  o.s.c.s.PostProcessorRegistrationDelegate$BeanPostProcessorChecker - Bean 'org.springframework.transaction.annotation.ProxyTransactionManagementConfiguration' of type [org.springframework.transaction.annotation.ProxyTransactionManagementConfiguration$$EnhancerBySpringCGLIB$$91b3c040] is not eligible for getting processed by all BeanPostProcessors (for example: not eligible for auto-proxying)
2020-04-06 10:44:41.501 [main] INFO  o.s.c.s.PostProcessorRegistrationDelegate$BeanPostProcessorChecker - Bean 'org.springframework.cloud.autoconfigure.ConfigurationPropertiesRebinderAutoConfiguration' of type [org.springframework.cloud.autoconfigure.ConfigurationPropertiesRebinderAutoConfiguration$$EnhancerBySpringCGLIB$$adcdc33d] is not eligible for getting processed by all BeanPostProcessors (for example: not eligible for auto-proxying)
2020-04-06 10:44:42.028 [main] INFO  o.s.boot.web.embedded.tomcat.TomcatWebServer - Tomcat initialized with port(s): 8081 (http)
2020-04-06 10:44:42.061 [main] INFO  org.apache.coyote.http11.Http11NioProtocol - Initializing ProtocolHandler ["http-nio-8081"]
2020-04-06 10:44:42.082 [main] INFO  org.apache.catalina.core.StandardService - Starting service [Tomcat]
2020-04-06 10:44:42.083 [main] INFO  org.apache.catalina.core.StandardEngine - Starting Servlet engine: [Apache Tomcat/9.0.26]
2020-04-06 10:44:42.454 [main] INFO  o.a.c.core.ContainerBase.[Tomcat].[localhost].[/] - Initializing Spring embedded WebApplicationContext
2020-04-06 10:44:42.455 [main] INFO  org.springframework.web.context.ContextLoader - Root WebApplicationContext: initialization completed in 3433 ms
2020-04-06 10:44:43.612 [main] INFO  com.agri.wen.config.RedisConfig - redis: org.springframework.data.redis.connection.lettuce.LettuceConnectionFactory@661fe025
2020-04-06 10:44:43.616 [main] INFO  com.agri.wen.config.RedisConfig - spring.redis.host: 192.168.18.132
2020-04-06 10:44:43.616 [main] INFO  com.agri.wen.config.RedisConfig - spring.redis.port: 6379
2020-04-06 10:44:43.617 [main] INFO  com.agri.wen.config.RedisConfig - spring.redis.timeout: 50000
2020-04-06 10:44:43.618 [main] INFO  com.agri.wen.config.RedisConfig - spring.redis.password: root
2020-04-06 10:44:44.451 [main] INFO  s.d.s.w.PropertySourcedRequestMappingHandlerMapping - Mapped URL path [/v2/api-docs] onto method [springfox.documentation.swagger2.web.Swagger2Controller#getDocumentation(String, HttpServletRequest)]
2020-04-06 10:44:44.475 [main] WARN  o.s.c.netflix.archaius.ArchaiusAutoConfiguration - No spring.application.name found, defaulting to 'application'
2020-04-06 10:44:44.480 [main] WARN  com.netflix.config.sources.URLConfigurationSource - No URLs will be polled as dynamic configuration sources.
2020-04-06 10:44:44.483 [main] INFO  com.netflix.config.sources.URLConfigurationSource - To enable URLs as dynamic configuration sources, define System property archaius.configurationSource.additionalUrls or make config.properties available on classpath.
2020-04-06 10:44:44.492 [main] WARN  com.netflix.config.sources.URLConfigurationSource - No URLs will be polled as dynamic configuration sources.
2020-04-06 10:44:44.493 [main] INFO  com.netflix.config.sources.URLConfigurationSource - To enable URLs as dynamic configuration sources, define System property archaius.configurationSource.additionalUrls or make config.properties available on classpath.
2020-04-06 10:44:44.674 [main] INFO  o.s.scheduling.concurrent.ThreadPoolTaskExecutor - Initializing ExecutorService 'applicationTaskExecutor'
2020-04-06 10:44:47.088 [main] INFO  s.d.s.web.plugins.DocumentationPluginsBootstrapper - Context refreshed
2020-04-06 10:44:47.114 [main] INFO  s.d.s.web.plugins.DocumentationPluginsBootstrapper - Found 1 custom documentation plugin(s)
2020-04-06 10:44:47.166 [main] INFO  s.d.spring.web.scanners.ApiListingReferenceScanner - Scanning for api listing references
2020-04-06 10:44:47.421 [main] INFO  org.apache.coyote.http11.Http11NioProtocol - Starting ProtocolHandler ["http-nio-8081"]
2020-04-06 10:44:47.462 [main] INFO  o.s.boot.web.embedded.tomcat.TomcatWebServer - Tomcat started on port(s): 8081 (http) with context path ''
2020-04-06 10:44:47.465 [main] INFO  com.agri.ApplicationStudy - Started ApplicationStudy in 17.8539007 seconds (JVM running for 22.862)
2020-04-06 10:45:27.768 [http-nio-8081-exec-1] INFO  o.a.c.core.ContainerBase.[Tomcat].[localhost].[/] - Initializing Spring DispatcherServlet 'dispatcherServlet'
2020-04-06 10:45:27.770 [http-nio-8081-exec-1] INFO  org.springframework.web.servlet.DispatcherServlet - Initializing Servlet 'dispatcherServlet'
2020-04-06 10:45:27.831 [http-nio-8081-exec-1] INFO  org.springframework.web.servlet.DispatcherServlet - Completed initialization in 61 ms
