2020-04-02 08:07:00.509 [main] INFO  o.s.c.s.PostProcessorRegistrationDelegate$BeanPostProcessorChecker - Bean 'org.springframework.cloud.autoconfigure.ConfigurationPropertiesRebinderAutoConfiguration' of type [org.springframework.cloud.autoconfigure.ConfigurationPropertiesRebinderAutoConfiguration$$EnhancerBySpringCGLIB$$ce6e4ea] is not eligible for getting processed by all BeanPostProcessors (for example: not eligible for auto-proxying)
2020-04-02 08:07:03.845 [main] INFO  com.agri.ApplicationStudy - No active profile set, falling back to default profiles: default
2020-04-02 08:07:05.984 [main] WARN  org.mybatis.spring.mapper.ClassPathMapperScanner - No MyBatis mapper was found in '[com.agri.study.wen.dao]' package. Please check your configuration.
2020-04-02 08:07:06.493 [main] INFO  o.s.d.r.config.RepositoryConfigurationDelegate - Multiple Spring Data modules found, entering strict repository configuration mode!
2020-04-02 08:07:07.200 [main] INFO  o.springframework.cloud.context.scope.GenericScope - BeanFactory id=bf1bc321-3483-33d0-80c9-faec8ac859b2
2020-04-02 08:07:07.308 [main] INFO  o.s.c.s.PostProcessorRegistrationDelegate$BeanPostProcessorChecker - Bean 'org.springframework.amqp.rabbit.annotation.RabbitBootstrapConfiguration' of type [org.springframework.amqp.rabbit.annotation.RabbitBootstrapConfiguration$$EnhancerBySpringCGLIB$$b738a01b] is not eligible for getting processed by all BeanPostProcessors (for example: not eligible for auto-proxying)
2020-04-02 08:07:07.518 [main] INFO  o.s.c.s.PostProcessorRegistrationDelegate$BeanPostProcessorChecker - Bean 'org.springframework.transaction.annotation.ProxyTransactionManagementConfiguration' of type [org.springframework.transaction.annotation.ProxyTransactionManagementConfiguration$$EnhancerBySpringCGLIB$$f0cce1ed] is not eligible for getting processed by all BeanPostProcessors (for example: not eligible for auto-proxying)
2020-04-02 08:07:07.596 [main] INFO  o.s.c.s.PostProcessorRegistrationDelegate$BeanPostProcessorChecker - Bean 'org.springframework.cloud.autoconfigure.ConfigurationPropertiesRebinderAutoConfiguration' of type [org.springframework.cloud.autoconfigure.ConfigurationPropertiesRebinderAutoConfiguration$$EnhancerBySpringCGLIB$$ce6e4ea] is not eligible for getting processed by all BeanPostProcessors (for example: not eligible for auto-proxying)
2020-04-02 08:07:08.336 [main] INFO  o.s.boot.web.embedded.tomcat.TomcatWebServer - Tomcat initialized with port(s): 8081 (http)
2020-04-02 08:07:08.385 [main] INFO  org.apache.coyote.http11.Http11NioProtocol - Initializing ProtocolHandler ["http-nio-8081"]
2020-04-02 08:07:08.403 [main] INFO  org.apache.catalina.core.StandardService - Starting service [Tomcat]
2020-04-02 08:07:08.404 [main] INFO  org.apache.catalina.core.StandardEngine - Starting Servlet engine: [Apache Tomcat/9.0.26]
2020-04-02 08:07:08.871 [main] INFO  o.a.c.core.ContainerBase.[Tomcat].[localhost].[/] - Initializing Spring embedded WebApplicationContext
2020-04-02 08:07:08.871 [main] INFO  org.springframework.web.context.ContextLoader - Root WebApplicationContext: initialization completed in 4947 ms
2020-04-02 08:07:10.810 [main] INFO  s.d.s.w.PropertySourcedRequestMappingHandlerMapping - Mapped URL path [/v2/api-docs] onto method [springfox.documentation.swagger2.web.Swagger2Controller#getDocumentation(String, HttpServletRequest)]
2020-04-02 08:07:10.856 [main] WARN  o.s.c.netflix.archaius.ArchaiusAutoConfiguration - No spring.application.name found, defaulting to 'application'
2020-04-02 08:07:10.866 [main] WARN  com.netflix.config.sources.URLConfigurationSource - No URLs will be polled as dynamic configuration sources.
2020-04-02 08:07:10.866 [main] INFO  com.netflix.config.sources.URLConfigurationSource - To enable URLs as dynamic configuration sources, define System property archaius.configurationSource.additionalUrls or make config.properties available on classpath.
2020-04-02 08:07:10.880 [main] WARN  com.netflix.config.sources.URLConfigurationSource - No URLs will be polled as dynamic configuration sources.
2020-04-02 08:07:10.881 [main] INFO  com.netflix.config.sources.URLConfigurationSource - To enable URLs as dynamic configuration sources, define System property archaius.configurationSource.additionalUrls or make config.properties available on classpath.
2020-04-02 08:07:11.293 [main] INFO  o.s.scheduling.concurrent.ThreadPoolTaskExecutor - Initializing ExecutorService 'applicationTaskExecutor'
2020-04-02 08:07:23.508 [main] INFO  s.d.s.web.plugins.DocumentationPluginsBootstrapper - Context refreshed
2020-04-02 08:07:23.640 [main] INFO  s.d.s.web.plugins.DocumentationPluginsBootstrapper - Found 1 custom documentation plugin(s)
2020-04-02 08:07:23.777 [main] INFO  s.d.spring.web.scanners.ApiListingReferenceScanner - Scanning for api listing references
2020-04-02 08:07:23.894 [main] INFO  org.apache.coyote.http11.Http11NioProtocol - Starting ProtocolHandler ["http-nio-8081"]
2020-04-02 08:07:24.090 [main] INFO  o.s.boot.web.embedded.tomcat.TomcatWebServer - Tomcat started on port(s): 8081 (http) with context path ''
2020-04-02 08:07:24.105 [main] INFO  com.agri.ApplicationStudy - Started ApplicationStudy in 28.9691182 seconds (JVM running for 34.847)
2020-04-02 08:07:45.835 [http-nio-8081-exec-1] INFO  o.a.c.core.ContainerBase.[Tomcat].[localhost].[/] - Initializing Spring DispatcherServlet 'dispatcherServlet'
2020-04-02 08:07:45.837 [http-nio-8081-exec-1] INFO  org.springframework.web.servlet.DispatcherServlet - Initializing Servlet 'dispatcherServlet'
2020-04-02 08:07:45.883 [http-nio-8081-exec-1] INFO  org.springframework.web.servlet.DispatcherServlet - Completed initialization in 45 ms
2020-04-02 08:08:59.793 [main] INFO  o.s.c.s.PostProcessorRegistrationDelegate$BeanPostProcessorChecker - Bean 'org.springframework.cloud.autoconfigure.ConfigurationPropertiesRebinderAutoConfiguration' of type [org.springframework.cloud.autoconfigure.ConfigurationPropertiesRebinderAutoConfiguration$$EnhancerBySpringCGLIB$$260d3cb7] is not eligible for getting processed by all BeanPostProcessors (for example: not eligible for auto-proxying)
2020-04-02 08:09:02.174 [main] INFO  com.agri.ApplicationStudy - No active profile set, falling back to default profiles: default
2020-04-02 08:09:03.813 [main] WARN  org.mybatis.spring.mapper.ClassPathMapperScanner - No MyBatis mapper was found in '[com.agri.study.wen.dao]' package. Please check your configuration.
2020-04-02 08:09:04.296 [main] INFO  o.s.d.r.config.RepositoryConfigurationDelegate - Multiple Spring Data modules found, entering strict repository configuration mode!
2020-04-02 08:09:04.965 [main] INFO  o.springframework.cloud.context.scope.GenericScope - BeanFactory id=bf1bc321-3483-33d0-80c9-faec8ac859b2
2020-04-02 08:09:05.030 [main] INFO  o.s.c.s.PostProcessorRegistrationDelegate$BeanPostProcessorChecker - Bean 'org.springframework.amqp.rabbit.annotation.RabbitBootstrapConfiguration' of type [org.springframework.amqp.rabbit.annotation.RabbitBootstrapConfiguration$$EnhancerBySpringCGLIB$$d05ef7e8] is not eligible for getting processed by all BeanPostProcessors (for example: not eligible for auto-proxying)
2020-04-02 08:09:05.274 [main] INFO  o.s.c.s.PostProcessorRegistrationDelegate$BeanPostProcessorChecker - Bean 'org.springframework.transaction.annotation.ProxyTransactionManagementConfiguration' of type [org.springframework.transaction.annotation.ProxyTransactionManagementConfiguration$$EnhancerBySpringCGLIB$$9f339ba] is not eligible for getting processed by all BeanPostProcessors (for example: not eligible for auto-proxying)
2020-04-02 08:09:05.382 [main] INFO  o.s.c.s.PostProcessorRegistrationDelegate$BeanPostProcessorChecker - Bean 'org.springframework.cloud.autoconfigure.ConfigurationPropertiesRebinderAutoConfiguration' of type [org.springframework.cloud.autoconfigure.ConfigurationPropertiesRebinderAutoConfiguration$$EnhancerBySpringCGLIB$$260d3cb7] is not eligible for getting processed by all BeanPostProcessors (for example: not eligible for auto-proxying)
2020-04-02 08:09:06.055 [main] INFO  o.s.boot.web.embedded.tomcat.TomcatWebServer - Tomcat initialized with port(s): 8081 (http)
2020-04-02 08:09:06.096 [main] INFO  org.apache.coyote.http11.Http11NioProtocol - Initializing ProtocolHandler ["http-nio-8081"]
2020-04-02 08:09:06.118 [main] INFO  org.apache.catalina.core.StandardService - Starting service [Tomcat]
2020-04-02 08:09:06.119 [main] INFO  org.apache.catalina.core.StandardEngine - Starting Servlet engine: [Apache Tomcat/9.0.26]
2020-04-02 08:09:06.606 [main] INFO  o.a.c.core.ContainerBase.[Tomcat].[localhost].[/] - Initializing Spring embedded WebApplicationContext
2020-04-02 08:09:06.607 [main] INFO  org.springframework.web.context.ContextLoader - Root WebApplicationContext: initialization completed in 4333 ms
2020-04-02 08:09:09.562 [main] INFO  s.d.s.w.PropertySourcedRequestMappingHandlerMapping - Mapped URL path [/v2/api-docs] onto method [springfox.documentation.swagger2.web.Swagger2Controller#getDocumentation(String, HttpServletRequest)]
2020-04-02 08:09:09.716 [main] WARN  o.s.c.netflix.archaius.ArchaiusAutoConfiguration - No spring.application.name found, defaulting to 'application'
2020-04-02 08:09:09.724 [main] WARN  com.netflix.config.sources.URLConfigurationSource - No URLs will be polled as dynamic configuration sources.
2020-04-02 08:09:09.725 [main] INFO  com.netflix.config.sources.URLConfigurationSource - To enable URLs as dynamic configuration sources, define System property archaius.configurationSource.additionalUrls or make config.properties available on classpath.
2020-04-02 08:09:09.741 [main] WARN  com.netflix.config.sources.URLConfigurationSource - No URLs will be polled as dynamic configuration sources.
2020-04-02 08:09:09.742 [main] INFO  com.netflix.config.sources.URLConfigurationSource - To enable URLs as dynamic configuration sources, define System property archaius.configurationSource.additionalUrls or make config.properties available on classpath.
2020-04-02 08:09:10.657 [main] INFO  o.s.scheduling.concurrent.ThreadPoolTaskExecutor - Initializing ExecutorService 'applicationTaskExecutor'
2020-04-02 08:09:17.667 [main] INFO  s.d.s.web.plugins.DocumentationPluginsBootstrapper - Context refreshed
2020-04-02 08:09:17.717 [main] INFO  s.d.s.web.plugins.DocumentationPluginsBootstrapper - Found 1 custom documentation plugin(s)
2020-04-02 08:09:17.830 [main] INFO  s.d.spring.web.scanners.ApiListingReferenceScanner - Scanning for api listing references
2020-04-02 08:09:18.291 [main] INFO  org.apache.coyote.http11.Http11NioProtocol - Starting ProtocolHandler ["http-nio-8081"]
2020-04-02 08:09:18.367 [main] INFO  o.s.boot.web.embedded.tomcat.TomcatWebServer - Tomcat started on port(s): 8081 (http) with context path ''
2020-04-02 08:09:18.373 [main] INFO  com.agri.ApplicationStudy - Started ApplicationStudy in 23.295554 seconds (JVM running for 33.197)
2020-04-02 08:09:20.322 [http-nio-8081-exec-1] INFO  o.a.c.core.ContainerBase.[Tomcat].[localhost].[/] - Initializing Spring DispatcherServlet 'dispatcherServlet'
2020-04-02 08:09:20.324 [http-nio-8081-exec-1] INFO  org.springframework.web.servlet.DispatcherServlet - Initializing Servlet 'dispatcherServlet'
2020-04-02 08:09:20.363 [http-nio-8081-exec-1] INFO  org.springframework.web.servlet.DispatcherServlet - Completed initialization in 38 ms
2020-04-02 08:10:35.513 [main] INFO  o.s.c.s.PostProcessorRegistrationDelegate$BeanPostProcessorChecker - Bean 'org.springframework.cloud.autoconfigure.ConfigurationPropertiesRebinderAutoConfiguration' of type [org.springframework.cloud.autoconfigure.ConfigurationPropertiesRebinderAutoConfiguration$$EnhancerBySpringCGLIB$$aa3d4ca] is not eligible for getting processed by all BeanPostProcessors (for example: not eligible for auto-proxying)
2020-04-02 08:10:37.691 [main] INFO  com.agri.ApplicationStudy - No active profile set, falling back to default profiles: default
2020-04-02 08:10:39.170 [main] WARN  org.mybatis.spring.mapper.ClassPathMapperScanner - No MyBatis mapper was found in '[com.agri.study.wen.dao]' package. Please check your configuration.
2020-04-02 08:10:39.595 [main] INFO  o.s.d.r.config.RepositoryConfigurationDelegate - Multiple Spring Data modules found, entering strict repository configuration mode!
2020-04-02 08:10:40.223 [main] INFO  o.springframework.cloud.context.scope.GenericScope - BeanFactory id=bf1bc321-3483-33d0-80c9-faec8ac859b2
2020-04-02 08:10:40.311 [main] INFO  o.s.c.s.PostProcessorRegistrationDelegate$BeanPostProcessorChecker - Bean 'org.springframework.amqp.rabbit.annotation.RabbitBootstrapConfiguration' of type [org.springframework.amqp.rabbit.annotation.RabbitBootstrapConfiguration$$EnhancerBySpringCGLIB$$b4f58ffb] is not eligible for getting processed by all BeanPostProcessors (for example: not eligible for auto-proxying)
2020-04-02 08:10:40.563 [main] INFO  o.s.c.s.PostProcessorRegistrationDelegate$BeanPostProcessorChecker - Bean 'org.springframework.transaction.annotation.ProxyTransactionManagementConfiguration' of type [org.springframework.transaction.annotation.ProxyTransactionManagementConfiguration$$EnhancerBySpringCGLIB$$ee89d1cd] is not eligible for getting processed by all BeanPostProcessors (for example: not eligible for auto-proxying)
2020-04-02 08:10:40.612 [main] INFO  o.s.c.s.PostProcessorRegistrationDelegate$BeanPostProcessorChecker - Bean 'org.springframework.cloud.autoconfigure.ConfigurationPropertiesRebinderAutoConfiguration' of type [org.springframework.cloud.autoconfigure.ConfigurationPropertiesRebinderAutoConfiguration$$EnhancerBySpringCGLIB$$aa3d4ca] is not eligible for getting processed by all BeanPostProcessors (for example: not eligible for auto-proxying)
2020-04-02 08:10:41.231 [main] INFO  o.s.boot.web.embedded.tomcat.TomcatWebServer - Tomcat initialized with port(s): 8081 (http)
2020-04-02 08:10:41.269 [main] INFO  org.apache.coyote.http11.Http11NioProtocol - Initializing ProtocolHandler ["http-nio-8081"]
2020-04-02 08:10:41.294 [main] INFO  org.apache.catalina.core.StandardService - Starting service [Tomcat]
2020-04-02 08:10:41.295 [main] INFO  org.apache.catalina.core.StandardEngine - Starting Servlet engine: [Apache Tomcat/9.0.26]
2020-04-02 08:10:41.704 [main] INFO  o.a.c.core.ContainerBase.[Tomcat].[localhost].[/] - Initializing Spring embedded WebApplicationContext
2020-04-02 08:10:41.706 [main] INFO  org.springframework.web.context.ContextLoader - Root WebApplicationContext: initialization completed in 3968 ms
2020-04-02 08:10:43.646 [main] INFO  s.d.s.w.PropertySourcedRequestMappingHandlerMapping - Mapped URL path [/v2/api-docs] onto method [springfox.documentation.swagger2.web.Swagger2Controller#getDocumentation(String, HttpServletRequest)]
2020-04-02 08:10:43.692 [main] WARN  o.s.c.netflix.archaius.ArchaiusAutoConfiguration - No spring.application.name found, defaulting to 'application'
2020-04-02 08:10:43.698 [main] WARN  com.netflix.config.sources.URLConfigurationSource - No URLs will be polled as dynamic configuration sources.
2020-04-02 08:10:43.698 [main] INFO  com.netflix.config.sources.URLConfigurationSource - To enable URLs as dynamic configuration sources, define System property archaius.configurationSource.additionalUrls or make config.properties available on classpath.
2020-04-02 08:10:43.708 [main] WARN  com.netflix.config.sources.URLConfigurationSource - No URLs will be polled as dynamic configuration sources.
2020-04-02 08:10:43.708 [main] INFO  com.netflix.config.sources.URLConfigurationSource - To enable URLs as dynamic configuration sources, define System property archaius.configurationSource.additionalUrls or make config.properties available on classpath.
2020-04-02 08:10:44.116 [main] INFO  o.s.scheduling.concurrent.ThreadPoolTaskExecutor - Initializing ExecutorService 'applicationTaskExecutor'
2020-04-02 08:10:48.029 [main] INFO  s.d.s.web.plugins.DocumentationPluginsBootstrapper - Context refreshed
2020-04-02 08:10:48.097 [main] INFO  s.d.s.web.plugins.DocumentationPluginsBootstrapper - Found 1 custom documentation plugin(s)
2020-04-02 08:10:48.218 [main] INFO  s.d.spring.web.scanners.ApiListingReferenceScanner - Scanning for api listing references
2020-04-02 08:10:48.914 [main] INFO  org.apache.coyote.http11.Http11NioProtocol - Starting ProtocolHandler ["http-nio-8081"]
2020-04-02 08:10:49.014 [main] INFO  o.s.boot.web.embedded.tomcat.TomcatWebServer - Tomcat started on port(s): 8081 (http) with context path ''
2020-04-02 08:10:49.021 [main] INFO  com.agri.ApplicationStudy - Started ApplicationStudy in 18.0241282 seconds (JVM running for 24.051)
2020-04-02 08:10:49.229 [http-nio-8081-exec-1] INFO  o.a.c.core.ContainerBase.[Tomcat].[localhost].[/] - Initializing Spring DispatcherServlet 'dispatcherServlet'
2020-04-02 08:10:49.231 [http-nio-8081-exec-1] INFO  org.springframework.web.servlet.DispatcherServlet - Initializing Servlet 'dispatcherServlet'
2020-04-02 08:10:49.260 [http-nio-8081-exec-1] INFO  org.springframework.web.servlet.DispatcherServlet - Completed initialization in 28 ms
2020-04-02 08:14:44.541 [main] INFO  o.s.c.s.PostProcessorRegistrationDelegate$BeanPostProcessorChecker - Bean 'org.springframework.cloud.autoconfigure.ConfigurationPropertiesRebinderAutoConfiguration' of type [org.springframework.cloud.autoconfigure.ConfigurationPropertiesRebinderAutoConfiguration$$EnhancerBySpringCGLIB$$eb5b146e] is not eligible for getting processed by all BeanPostProcessors (for example: not eligible for auto-proxying)
2020-04-02 08:14:47.106 [main] INFO  com.agri.ApplicationStudy - No active profile set, falling back to default profiles: default
2020-04-02 08:14:48.928 [main] WARN  org.mybatis.spring.mapper.ClassPathMapperScanner - No MyBatis mapper was found in '[com.agri.study.wen.dao]' package. Please check your configuration.
2020-04-02 08:14:49.533 [main] INFO  o.s.d.r.config.RepositoryConfigurationDelegate - Multiple Spring Data modules found, entering strict repository configuration mode!
2020-04-02 08:14:50.925 [main] INFO  o.springframework.cloud.context.scope.GenericScope - BeanFactory id=bf1bc321-3483-33d0-80c9-faec8ac859b2
2020-04-02 08:14:51.142 [main] INFO  o.s.c.s.PostProcessorRegistrationDelegate$BeanPostProcessorChecker - Bean 'org.springframework.amqp.rabbit.annotation.RabbitBootstrapConfiguration' of type [org.springframework.amqp.rabbit.annotation.RabbitBootstrapConfiguration$$EnhancerBySpringCGLIB$$95accf9f] is not eligible for getting processed by all BeanPostProcessors (for example: not eligible for auto-proxying)
2020-04-02 08:14:51.506 [main] INFO  o.s.c.s.PostProcessorRegistrationDelegate$BeanPostProcessorChecker - Bean 'org.springframework.transaction.annotation.ProxyTransactionManagementConfiguration' of type [org.springframework.transaction.annotation.ProxyTransactionManagementConfiguration$$EnhancerBySpringCGLIB$$cf411171] is not eligible for getting processed by all BeanPostProcessors (for example: not eligible for auto-proxying)
2020-04-02 08:14:51.599 [main] INFO  o.s.c.s.PostProcessorRegistrationDelegate$BeanPostProcessorChecker - Bean 'org.springframework.cloud.autoconfigure.ConfigurationPropertiesRebinderAutoConfiguration' of type [org.springframework.cloud.autoconfigure.ConfigurationPropertiesRebinderAutoConfiguration$$EnhancerBySpringCGLIB$$eb5b146e] is not eligible for getting processed by all BeanPostProcessors (for example: not eligible for auto-proxying)
2020-04-02 08:14:52.481 [main] INFO  o.s.boot.web.embedded.tomcat.TomcatWebServer - Tomcat initialized with port(s): 8081 (http)
2020-04-02 08:14:52.533 [main] INFO  org.apache.coyote.http11.Http11NioProtocol - Initializing ProtocolHandler ["http-nio-8081"]
2020-04-02 08:14:52.575 [main] INFO  org.apache.catalina.core.StandardService - Starting service [Tomcat]
2020-04-02 08:14:52.576 [main] INFO  org.apache.catalina.core.StandardEngine - Starting Servlet engine: [Apache Tomcat/9.0.26]
2020-04-02 08:14:53.063 [main] INFO  o.a.c.core.ContainerBase.[Tomcat].[localhost].[/] - Initializing Spring embedded WebApplicationContext
2020-04-02 08:14:53.064 [main] INFO  org.springframework.web.context.ContextLoader - Root WebApplicationContext: initialization completed in 5903 ms
2020-04-02 08:14:55.408 [main] INFO  s.d.s.w.PropertySourcedRequestMappingHandlerMapping - Mapped URL path [/v2/api-docs] onto method [springfox.documentation.swagger2.web.Swagger2Controller#getDocumentation(String, HttpServletRequest)]
2020-04-02 08:14:55.468 [main] WARN  o.s.c.netflix.archaius.ArchaiusAutoConfiguration - No spring.application.name found, defaulting to 'application'
2020-04-02 08:14:55.473 [main] WARN  com.netflix.config.sources.URLConfigurationSource - No URLs will be polled as dynamic configuration sources.
2020-04-02 08:14:55.474 [main] INFO  com.netflix.config.sources.URLConfigurationSource - To enable URLs as dynamic configuration sources, define System property archaius.configurationSource.additionalUrls or make config.properties available on classpath.
2020-04-02 08:14:55.485 [main] WARN  com.netflix.config.sources.URLConfigurationSource - No URLs will be polled as dynamic configuration sources.
2020-04-02 08:14:55.486 [main] INFO  com.netflix.config.sources.URLConfigurationSource - To enable URLs as dynamic configuration sources, define System property archaius.configurationSource.additionalUrls or make config.properties available on classpath.
2020-04-02 08:14:55.898 [main] INFO  o.s.scheduling.concurrent.ThreadPoolTaskExecutor - Initializing ExecutorService 'applicationTaskExecutor'
2020-04-02 08:14:59.604 [main] INFO  s.d.s.web.plugins.DocumentationPluginsBootstrapper - Context refreshed
2020-04-02 08:14:59.654 [main] INFO  s.d.s.web.plugins.DocumentationPluginsBootstrapper - Found 1 custom documentation plugin(s)
2020-04-02 08:14:59.731 [main] INFO  s.d.spring.web.scanners.ApiListingReferenceScanner - Scanning for api listing references
2020-04-02 08:15:00.167 [main] INFO  org.apache.coyote.http11.Http11NioProtocol - Starting ProtocolHandler ["http-nio-8081"]
2020-04-02 08:15:00.220 [main] INFO  o.s.boot.web.embedded.tomcat.TomcatWebServer - Tomcat started on port(s): 8081 (http) with context path ''
2020-04-02 08:15:00.226 [main] INFO  com.agri.ApplicationStudy - Started ApplicationStudy in 20.467663 seconds (JVM running for 25.43)
2020-04-02 08:15:08.822 [http-nio-8081-exec-1] INFO  o.a.c.core.ContainerBase.[Tomcat].[localhost].[/] - Initializing Spring DispatcherServlet 'dispatcherServlet'
2020-04-02 08:15:08.824 [http-nio-8081-exec-1] INFO  org.springframework.web.servlet.DispatcherServlet - Initializing Servlet 'dispatcherServlet'
2020-04-02 08:15:08.886 [http-nio-8081-exec-1] INFO  org.springframework.web.servlet.DispatcherServlet - Completed initialization in 59 ms
2020-04-02 08:17:32.456 [main] INFO  o.s.c.s.PostProcessorRegistrationDelegate$BeanPostProcessorChecker - Bean 'org.springframework.cloud.autoconfigure.ConfigurationPropertiesRebinderAutoConfiguration' of type [org.springframework.cloud.autoconfigure.ConfigurationPropertiesRebinderAutoConfiguration$$EnhancerBySpringCGLIB$$61f0a704] is not eligible for getting processed by all BeanPostProcessors (for example: not eligible for auto-proxying)
2020-04-02 08:17:34.517 [main] INFO  com.agri.ApplicationStudy - No active profile set, falling back to default profiles: default
2020-04-02 08:17:36.093 [main] WARN  org.mybatis.spring.mapper.ClassPathMapperScanner - No MyBatis mapper was found in '[com.agri.study.wen.dao]' package. Please check your configuration.
2020-04-02 08:17:36.613 [main] INFO  o.s.d.r.config.RepositoryConfigurationDelegate - Multiple Spring Data modules found, entering strict repository configuration mode!
2020-04-02 08:17:37.388 [main] INFO  o.springframework.cloud.context.scope.GenericScope - BeanFactory id=bf1bc321-3483-33d0-80c9-faec8ac859b2
2020-04-02 08:17:37.466 [main] INFO  o.s.c.s.PostProcessorRegistrationDelegate$BeanPostProcessorChecker - Bean 'org.springframework.amqp.rabbit.annotation.RabbitBootstrapConfiguration' of type [org.springframework.amqp.rabbit.annotation.RabbitBootstrapConfiguration$$EnhancerBySpringCGLIB$$c426235] is not eligible for getting processed by all BeanPostProcessors (for example: not eligible for auto-proxying)
2020-04-02 08:17:37.692 [main] INFO  o.s.c.s.PostProcessorRegistrationDelegate$BeanPostProcessorChecker - Bean 'org.springframework.transaction.annotation.ProxyTransactionManagementConfiguration' of type [org.springframework.transaction.annotation.ProxyTransactionManagementConfiguration$$EnhancerBySpringCGLIB$$45d6a407] is not eligible for getting processed by all BeanPostProcessors (for example: not eligible for auto-proxying)
2020-04-02 08:17:37.744 [main] INFO  o.s.c.s.PostProcessorRegistrationDelegate$BeanPostProcessorChecker - Bean 'org.springframework.cloud.autoconfigure.ConfigurationPropertiesRebinderAutoConfiguration' of type [org.springframework.cloud.autoconfigure.ConfigurationPropertiesRebinderAutoConfiguration$$EnhancerBySpringCGLIB$$61f0a704] is not eligible for getting processed by all BeanPostProcessors (for example: not eligible for auto-proxying)
2020-04-02 08:17:38.416 [main] INFO  o.s.boot.web.embedded.tomcat.TomcatWebServer - Tomcat initialized with port(s): 8081 (http)
2020-04-02 08:17:38.463 [main] INFO  org.apache.coyote.http11.Http11NioProtocol - Initializing ProtocolHandler ["http-nio-8081"]
2020-04-02 08:17:38.496 [main] INFO  org.apache.catalina.core.StandardService - Starting service [Tomcat]
2020-04-02 08:17:38.497 [main] INFO  org.apache.catalina.core.StandardEngine - Starting Servlet engine: [Apache Tomcat/9.0.26]
2020-04-02 08:17:39.021 [main] INFO  o.a.c.core.ContainerBase.[Tomcat].[localhost].[/] - Initializing Spring embedded WebApplicationContext
2020-04-02 08:17:39.022 [main] INFO  org.springframework.web.context.ContextLoader - Root WebApplicationContext: initialization completed in 4446 ms
2020-04-02 08:17:41.431 [main] INFO  s.d.s.w.PropertySourcedRequestMappingHandlerMapping - Mapped URL path [/v2/api-docs] onto method [springfox.documentation.swagger2.web.Swagger2Controller#getDocumentation(String, HttpServletRequest)]
2020-04-02 08:17:41.504 [main] WARN  o.s.c.netflix.archaius.ArchaiusAutoConfiguration - No spring.application.name found, defaulting to 'application'
2020-04-02 08:17:41.509 [main] WARN  com.netflix.config.sources.URLConfigurationSource - No URLs will be polled as dynamic configuration sources.
2020-04-02 08:17:41.510 [main] INFO  com.netflix.config.sources.URLConfigurationSource - To enable URLs as dynamic configuration sources, define System property archaius.configurationSource.additionalUrls or make config.properties available on classpath.
2020-04-02 08:17:41.517 [main] WARN  com.netflix.config.sources.URLConfigurationSource - No URLs will be polled as dynamic configuration sources.
2020-04-02 08:17:41.518 [main] INFO  com.netflix.config.sources.URLConfigurationSource - To enable URLs as dynamic configuration sources, define System property archaius.configurationSource.additionalUrls or make config.properties available on classpath.
2020-04-02 08:17:42.002 [main] INFO  o.s.scheduling.concurrent.ThreadPoolTaskExecutor - Initializing ExecutorService 'applicationTaskExecutor'
2020-04-02 08:17:49.412 [main] INFO  s.d.s.web.plugins.DocumentationPluginsBootstrapper - Context refreshed
2020-04-02 08:17:49.470 [main] INFO  s.d.s.web.plugins.DocumentationPluginsBootstrapper - Found 1 custom documentation plugin(s)
2020-04-02 08:17:49.623 [main] INFO  s.d.spring.web.scanners.ApiListingReferenceScanner - Scanning for api listing references
2020-04-02 08:17:50.093 [main] INFO  org.apache.coyote.http11.Http11NioProtocol - Starting ProtocolHandler ["http-nio-8081"]
2020-04-02 08:17:50.246 [main] INFO  o.s.boot.web.embedded.tomcat.TomcatWebServer - Tomcat started on port(s): 8081 (http) with context path ''
2020-04-02 08:17:50.253 [main] INFO  com.agri.ApplicationStudy - Started ApplicationStudy in 22.3670198 seconds (JVM running for 27.358)
2020-04-02 08:19:46.706 [http-nio-8081-exec-1] INFO  o.a.c.core.ContainerBase.[Tomcat].[localhost].[/] - Initializing Spring DispatcherServlet 'dispatcherServlet'
2020-04-02 08:19:46.708 [http-nio-8081-exec-1] INFO  org.springframework.web.servlet.DispatcherServlet - Initializing Servlet 'dispatcherServlet'
2020-04-02 08:19:46.733 [http-nio-8081-exec-1] INFO  org.springframework.web.servlet.DispatcherServlet - Completed initialization in 24 ms
2020-04-02 08:21:07.436 [main] INFO  o.s.c.s.PostProcessorRegistrationDelegate$BeanPostProcessorChecker - Bean 'org.springframework.cloud.autoconfigure.ConfigurationPropertiesRebinderAutoConfiguration' of type [org.springframework.cloud.autoconfigure.ConfigurationPropertiesRebinderAutoConfiguration$$EnhancerBySpringCGLIB$$236f23be] is not eligible for getting processed by all BeanPostProcessors (for example: not eligible for auto-proxying)
2020-04-02 08:21:10.122 [main] INFO  com.agri.ApplicationStudy - No active profile set, falling back to default profiles: default
2020-04-02 08:21:11.814 [main] WARN  org.mybatis.spring.mapper.ClassPathMapperScanner - No MyBatis mapper was found in '[com.agri.study.wen.dao]' package. Please check your configuration.
2020-04-02 08:21:12.420 [main] INFO  o.s.d.r.config.RepositoryConfigurationDelegate - Multiple Spring Data modules found, entering strict repository configuration mode!
2020-04-02 08:21:13.277 [main] INFO  o.springframework.cloud.context.scope.GenericScope - BeanFactory id=ef12113a-d1f1-3533-957c-df034c7faca1
2020-04-02 08:21:13.356 [main] INFO  o.s.c.s.PostProcessorRegistrationDelegate$BeanPostProcessorChecker - Bean 'org.springframework.amqp.rabbit.annotation.RabbitBootstrapConfiguration' of type [org.springframework.amqp.rabbit.annotation.RabbitBootstrapConfiguration$$EnhancerBySpringCGLIB$$cdc0deef] is not eligible for getting processed by all BeanPostProcessors (for example: not eligible for auto-proxying)
2020-04-02 08:21:13.624 [main] INFO  o.s.c.s.PostProcessorRegistrationDelegate$BeanPostProcessorChecker - Bean 'org.springframework.transaction.annotation.ProxyTransactionManagementConfiguration' of type [org.springframework.transaction.annotation.ProxyTransactionManagementConfiguration$$EnhancerBySpringCGLIB$$75520c1] is not eligible for getting processed by all BeanPostProcessors (for example: not eligible for auto-proxying)
2020-04-02 08:21:13.704 [main] INFO  o.s.c.s.PostProcessorRegistrationDelegate$BeanPostProcessorChecker - Bean 'org.springframework.cloud.autoconfigure.ConfigurationPropertiesRebinderAutoConfiguration' of type [org.springframework.cloud.autoconfigure.ConfigurationPropertiesRebinderAutoConfiguration$$EnhancerBySpringCGLIB$$236f23be] is not eligible for getting processed by all BeanPostProcessors (for example: not eligible for auto-proxying)
2020-04-02 08:21:14.338 [main] INFO  o.s.boot.web.embedded.tomcat.TomcatWebServer - Tomcat initialized with port(s): 8081 (http)
2020-04-02 08:21:14.386 [main] INFO  org.apache.coyote.http11.Http11NioProtocol - Initializing ProtocolHandler ["http-nio-8081"]
2020-04-02 08:21:14.411 [main] INFO  org.apache.catalina.core.StandardService - Starting service [Tomcat]
2020-04-02 08:21:14.412 [main] INFO  org.apache.catalina.core.StandardEngine - Starting Servlet engine: [Apache Tomcat/9.0.26]
2020-04-02 08:21:14.896 [main] INFO  o.a.c.core.ContainerBase.[Tomcat].[localhost].[/] - Initializing Spring embedded WebApplicationContext
2020-04-02 08:21:14.898 [main] INFO  org.springframework.web.context.ContextLoader - Root WebApplicationContext: initialization completed in 4713 ms
2020-04-02 08:21:16.555 [main] INFO  com.agri.wen.config.RedisConfig - redis: org.springframework.data.redis.connection.lettuce.LettuceConnectionFactory@6c8f60f3
2020-04-02 08:21:16.566 [main] INFO  com.agri.wen.config.RedisConfig - spring.redis.host: 192.168.18.132
2020-04-02 08:21:16.567 [main] INFO  com.agri.wen.config.RedisConfig - spring.redis.port: 6379
2020-04-02 08:21:16.569 [main] INFO  com.agri.wen.config.RedisConfig - spring.redis.timeout: 50000
2020-04-02 08:21:16.570 [main] INFO  com.agri.wen.config.RedisConfig - spring.redis.password: root
2020-04-02 08:21:17.992 [main] INFO  s.d.s.w.PropertySourcedRequestMappingHandlerMapping - Mapped URL path [/v2/api-docs] onto method [springfox.documentation.swagger2.web.Swagger2Controller#getDocumentation(String, HttpServletRequest)]
2020-04-02 08:21:18.019 [main] WARN  o.s.c.netflix.archaius.ArchaiusAutoConfiguration - No spring.application.name found, defaulting to 'application'
2020-04-02 08:21:18.024 [main] WARN  com.netflix.config.sources.URLConfigurationSource - No URLs will be polled as dynamic configuration sources.
2020-04-02 08:21:18.024 [main] INFO  com.netflix.config.sources.URLConfigurationSource - To enable URLs as dynamic configuration sources, define System property archaius.configurationSource.additionalUrls or make config.properties available on classpath.
2020-04-02 08:21:18.036 [main] WARN  com.netflix.config.sources.URLConfigurationSource - No URLs will be polled as dynamic configuration sources.
2020-04-02 08:21:18.036 [main] INFO  com.netflix.config.sources.URLConfigurationSource - To enable URLs as dynamic configuration sources, define System property archaius.configurationSource.additionalUrls or make config.properties available on classpath.
2020-04-02 08:21:18.370 [main] INFO  o.s.scheduling.concurrent.ThreadPoolTaskExecutor - Initializing ExecutorService 'applicationTaskExecutor'
2020-04-02 08:21:22.535 [main] INFO  s.d.s.web.plugins.DocumentationPluginsBootstrapper - Context refreshed
2020-04-02 08:21:22.584 [main] INFO  s.d.s.web.plugins.DocumentationPluginsBootstrapper - Found 1 custom documentation plugin(s)
2020-04-02 08:21:22.669 [main] INFO  s.d.spring.web.scanners.ApiListingReferenceScanner - Scanning for api listing references
2020-04-02 08:21:23.034 [main] INFO  org.apache.coyote.http11.Http11NioProtocol - Starting ProtocolHandler ["http-nio-8081"]
2020-04-02 08:21:23.118 [main] INFO  o.s.boot.web.embedded.tomcat.TomcatWebServer - Tomcat started on port(s): 8081 (http) with context path ''
2020-04-02 08:21:23.122 [main] INFO  com.agri.ApplicationStudy - Started ApplicationStudy in 21.4207286 seconds (JVM running for 26.532)
2020-04-02 08:21:23.290 [http-nio-8081-exec-2] INFO  o.a.c.core.ContainerBase.[Tomcat].[localhost].[/] - Initializing Spring DispatcherServlet 'dispatcherServlet'
2020-04-02 08:21:23.293 [http-nio-8081-exec-2] INFO  org.springframework.web.servlet.DispatcherServlet - Initializing Servlet 'dispatcherServlet'
2020-04-02 08:21:23.315 [http-nio-8081-exec-2] INFO  org.springframework.web.servlet.DispatcherServlet - Completed initialization in 21 ms
